0 info it worked if it ends with ok
1 verbose cli [ 'C:\\Program Files\\nodejs\\node.exe',
1 verbose cli   'C:\\Users\\Oskar\\AppData\\Roaming\\npm\\node_modules\\npm\\bin\\npm-cli.js',
1 verbose cli   'run',
1 verbose cli   'server' ]
2 info using npm@3.10.9
3 info using node@v6.9.1
4 verbose run-script [ 'preserver', 'server', 'postserver' ]
5 info lifecycle lookup-server@0.0.1~preserver: lookup-server@0.0.1
6 silly lifecycle lookup-server@0.0.1~preserver: no script for preserver, continuing
7 info lifecycle lookup-server@0.0.1~server: lookup-server@0.0.1
8 verbose lifecycle lookup-server@0.0.1~server: unsafe-perm in lifecycle true
9 verbose lifecycle lookup-server@0.0.1~server: PATH: C:\Users\Oskar\AppData\Roaming\npm\node_modules\npm\bin\node-gyp-bin;C:\Users\Oskar\Documents\Lokaverkefni\node_modules\.bin;C:\Users\Oskar\AppData\Roaming\npm\node_modules\npm\bin\node-gyp-bin;C:\Users\Oskar\Documents\Lokaverkefni\node_modules\.bin;C:\ProgramData\Oracle\Java\javapath;C:\WINDOWS\system32;C:\WINDOWS;C:\WINDOWS\System32\Wbem;C:\WINDOWS\System32\WindowsPowerShell\v1.0\;C:\Program Files\Java\jdk1.8.0_91\bin;C:\Program Files\TortoiseSVN\bin;C:\Program Files\nodejs\;C:\Program Files (x86)\Heroku\bin;C:\Program Files (x86)\git\cmd;C:\WINDOWS\system32\config\systemprofile\.dnx\bin;C:\Program Files\Microsoft DNX\Dnvm\;C:\Program Files\Microsoft SQL Server\130\Tools\Binn\;C:\Program Files\Git\cmd;C:\Program Files (x86)\Skype\Phone\;C:\Program Files\Intel\WiFi\bin\;C:\Program Files\Common Files\Intel\WirelessCommon\;C:\Users\Oskar\Anaconda3;C:\Users\Oskar\Anaconda3\Scripts;C:\Users\Oskar\Anaconda3\Library\bin;C:\Users\Oskar\AppData\Local\Programs\Python\Python36\Scripts\;C:\Users\Oskar\AppData\Local\Programs\Python\Python36\;C:\Users\Oskar\AppData\Local\Programs\Python\Python35-32\Scripts\;C:\Users\Oskar\AppData\Local\Programs\Python\Python35-32\;C:\Users\Oskar\AppData\Local\atom\bin;C:\Users\Oskar\AppData\Local\Microsoft\WindowsApps;C:\Users\Oskar\AppData\Roaming\npm;C:\Program Files\Intel\WiFi\bin\;C:\Program Files\Common Files\Intel\WirelessCommon\
10 verbose lifecycle lookup-server@0.0.1~server: CWD: C:\Users\Oskar\Documents\Lokaverkefni
11 silly lifecycle lookup-server@0.0.1~server: Args: [ '/d /s /c', 'babel-node server.js' ]
12 silly lifecycle lookup-server@0.0.1~server: Returned: code: 1  signal: null
13 info lifecycle lookup-server@0.0.1~server: Failed to exec server script
14 verbose stack Error: lookup-server@0.0.1 server: `babel-node server.js`
14 verbose stack Exit status 1
14 verbose stack     at EventEmitter.<anonymous> (C:\Users\Oskar\AppData\Roaming\npm\node_modules\npm\lib\utils\lifecycle.js:255:16)
14 verbose stack     at emitTwo (events.js:106:13)
14 verbose stack     at EventEmitter.emit (events.js:191:7)
14 verbose stack     at ChildProcess.<anonymous> (C:\Users\Oskar\AppData\Roaming\npm\node_modules\npm\lib\utils\spawn.js:40:14)
14 verbose stack     at emitTwo (events.js:106:13)
14 verbose stack     at ChildProcess.emit (events.js:191:7)
14 verbose stack     at maybeClose (internal/child_process.js:877:16)
14 verbose stack     at Process.ChildProcess._handle.onexit (internal/child_process.js:226:5)
15 verbose pkgid lookup-server@0.0.1
16 verbose cwd C:\Users\Oskar\Documents\Lokaverkefni
17 error Windows_NT 10.0.14393
18 error argv "C:\\Program Files\\nodejs\\node.exe" "C:\\Users\\Oskar\\AppData\\Roaming\\npm\\node_modules\\npm\\bin\\npm-cli.js" "run" "server"
19 error node v6.9.1
20 error npm  v3.10.9
21 error code ELIFECYCLE
22 error lookup-server@0.0.1 server: `babel-node server.js`
22 error Exit status 1
23 error Failed at the lookup-server@0.0.1 server script 'babel-node server.js'.
23 error Make sure you have the latest version of node.js and npm installed.
23 error If you do, this is most likely a problem with the lookup-server package,
23 error not with npm itself.
23 error Tell the author that this fails on your system:
23 error     babel-node server.js
23 error You can get information on how to open an issue for this project with:
23 error     npm bugs lookup-server
23 error Or if that isn't available, you can get their info via:
23 error     npm owner ls lookup-server
23 error There is likely additional logging output above.
24 verbose exit [ 1, true ]
